<?xml version="1.0" encoding="UTF-8"?>
<!-- Generated by org.testng.reporters.JUnitReportReporter -->
<testsuite hostname="DESKTOP-6867HO1" failures="0" tests="1" name="com.login.hubSpot.Login" time="6.916" errors="0" timestamp="01 Apr 2021 04:19:08 GMT" skipped="0">
  <testcase classname="com.login.hubSpot.Login" name="titleTest" time="6.916"/>
</testsuite> <!-- com.login.hubSpot.Login -->
